<?xml version="1.0" encoding="UTF-8"?>
<testsuite name="jinhyuk.domain.LockTest" tests="1" skipped="0" failures="0" errors="0" timestamp="2020-08-24T01:35:13" hostname="AL01682332.local" time="0.185">
  <properties/>
  <testcase name="createCluster_test" classname="jinhyuk.domain.LockTest" time="0.185"/>
  <system-out><![CDATA[10:34:53.287 [Test worker] DEBUG org.springframework.test.context.junit4.SpringJUnit4ClassRunner - SpringJUnit4ClassRunner constructor called with [class jinhyuk.domain.LockTest]
10:34:53.296 [Test worker] DEBUG org.springframework.test.context.BootstrapUtils - Instantiating CacheAwareContextLoaderDelegate from class [org.springframework.test.context.cache.DefaultCacheAwareContextLoaderDelegate]
10:34:53.315 [Test worker] DEBUG org.springframework.test.context.BootstrapUtils - Instantiating BootstrapContext using constructor [public org.springframework.test.context.support.DefaultBootstrapContext(java.lang.Class,org.springframework.test.context.CacheAwareContextLoaderDelegate)]
10:34:53.334 [Test worker] DEBUG org.springframework.test.context.BootstrapUtils - Instantiating TestContextBootstrapper for test class [jinhyuk.domain.LockTest] from class [org.springframework.boot.test.context.SpringBootTestContextBootstrapper]
10:34:53.353 [Test worker] INFO org.springframework.boot.test.context.SpringBootTestContextBootstrapper - Neither @ContextConfiguration nor @ContextHierarchy found for test class [jinhyuk.domain.LockTest], using SpringBootContextLoader
10:34:53.358 [Test worker] DEBUG org.springframework.test.context.support.AbstractContextLoader - Did not detect default resource location for test class [jinhyuk.domain.LockTest]: class path resource [jinhyuk/domain/LockTest-context.xml] does not exist
10:34:53.358 [Test worker] DEBUG org.springframework.test.context.support.AbstractContextLoader - Did not detect default resource location for test class [jinhyuk.domain.LockTest]: class path resource [jinhyuk/domain/LockTestContext.groovy] does not exist
10:34:53.358 [Test worker] INFO org.springframework.test.context.support.AbstractContextLoader - Could not detect default resource locations for test class [jinhyuk.domain.LockTest]: no resource found for suffixes {-context.xml, Context.groovy}.
10:34:53.359 [Test worker] INFO org.springframework.test.context.support.AnnotationConfigContextLoaderUtils - Could not detect default configuration classes for test class [jinhyuk.domain.LockTest]: LockTest does not declare any static, non-private, non-final, nested classes annotated with @Configuration.
10:34:53.403 [Test worker] DEBUG org.springframework.test.context.support.ActiveProfilesUtils - Could not find an 'annotation declaring class' for annotation type [org.springframework.test.context.ActiveProfiles] and class [jinhyuk.domain.LockTest]
10:34:53.485 [Test worker] DEBUG org.springframework.context.annotation.ClassPathScanningCandidateComponentProvider - Identified candidate component class: file [/Users/user/Desktop/nbp/jinhyuk.park-SimpleRabbitmqService/ApiServer/build/classes/java/main/jinhyuk/Application.class]
10:34:53.487 [Test worker] INFO org.springframework.boot.test.context.SpringBootTestContextBootstrapper - Found @SpringBootConfiguration jinhyuk.Application for test class jinhyuk.domain.LockTest
10:34:53.600 [Test worker] DEBUG org.springframework.boot.test.context.SpringBootTestContextBootstrapper - @TestExecutionListeners is not present for class [jinhyuk.domain.LockTest]: using defaults.
10:34:53.601 [Test worker] INFO org.springframework.boot.test.context.SpringBootTestContextBootstrapper - Loaded default TestExecutionListener class names from location [META-INF/spring.factories]: [org.springframework.boot.test.autoconfigure.restdocs.RestDocsTestExecutionListener, org.springframework.boot.test.autoconfigure.web.client.MockRestServiceServerResetTestExecutionListener, org.springframework.boot.test.autoconfigure.web.servlet.MockMvcPrintOnlyOnFailureTestExecutionListener, org.springframework.boot.test.autoconfigure.web.servlet.WebDriverTestExecutionListener, org.springframework.boot.test.mock.mockito.MockitoTestExecutionListener, org.springframework.boot.test.mock.mockito.ResetMocksTestExecutionListener, org.springframework.test.context.web.ServletTestExecutionListener, org.springframework.test.context.support.DirtiesContextBeforeModesTestExecutionListener, org.springframework.test.context.support.DependencyInjectionTestExecutionListener, org.springframework.test.context.support.DirtiesContextTestExecutionListener, org.springframework.test.context.transaction.TransactionalTestExecutionListener, org.springframework.test.context.jdbc.SqlScriptsTestExecutionListener]
10:34:53.638 [Test worker] INFO org.springframework.boot.test.context.SpringBootTestContextBootstrapper - Using TestExecutionListeners: [org.springframework.test.context.web.ServletTestExecutionListener@28a8f2b1, org.springframework.test.context.support.DirtiesContextBeforeModesTestExecutionListener@3ffd7a29, org.springframework.boot.test.mock.mockito.MockitoTestExecutionListener@31c84b94, org.springframework.boot.test.autoconfigure.SpringBootDependencyInjectionTestExecutionListener@2968e868, org.springframework.test.context.support.DirtiesContextTestExecutionListener@46baba8e, org.springframework.test.context.transaction.TransactionalTestExecutionListener@1242ac42, org.springframework.test.context.jdbc.SqlScriptsTestExecutionListener@6125c175, org.springframework.boot.test.autoconfigure.restdocs.RestDocsTestExecutionListener@fe04e91, org.springframework.boot.test.autoconfigure.web.client.MockRestServiceServerResetTestExecutionListener@1c1dfb29, org.springframework.boot.test.autoconfigure.web.servlet.MockMvcPrintOnlyOnFailureTestExecutionListener@1bba6454, org.springframework.boot.test.autoconfigure.web.servlet.WebDriverTestExecutionListener@54db303f, org.springframework.boot.test.mock.mockito.ResetMocksTestExecutionListener@59c278f3]
10:34:53.642 [Test worker] DEBUG org.springframework.test.annotation.ProfileValueUtils - Retrieved @ProfileValueSourceConfiguration [null] for test class [jinhyuk.domain.LockTest]
10:34:53.643 [Test worker] DEBUG org.springframework.test.annotation.ProfileValueUtils - Retrieved ProfileValueSource type [class org.springframework.test.annotation.SystemProfileValueSource] for class [jinhyuk.domain.LockTest]
10:34:53.648 [Test worker] DEBUG org.springframework.test.annotation.ProfileValueUtils - Retrieved @ProfileValueSourceConfiguration [null] for test class [jinhyuk.domain.LockTest]
10:34:53.649 [Test worker] DEBUG org.springframework.test.annotation.ProfileValueUtils - Retrieved ProfileValueSource type [class org.springframework.test.annotation.SystemProfileValueSource] for class [jinhyuk.domain.LockTest]
10:34:53.650 [Test worker] DEBUG org.springframework.test.annotation.ProfileValueUtils - Retrieved @ProfileValueSourceConfiguration [null] for test class [jinhyuk.domain.LockTest]
10:34:53.650 [Test worker] DEBUG org.springframework.test.annotation.ProfileValueUtils - Retrieved ProfileValueSource type [class org.springframework.test.annotation.SystemProfileValueSource] for class [jinhyuk.domain.LockTest]
10:34:53.655 [Test worker] DEBUG org.springframework.test.context.support.AbstractDirtiesContextTestExecutionListener - Before test class: context [DefaultTestContext@276c8e32 testClass = LockTest, testInstance = [null], testMethod = [null], testException = [null], mergedContextConfiguration = [WebMergedContextConfiguration@63b51328 testClass = LockTest, locations = '{}', classes = '{class jinhyuk.Application}', contextInitializerClasses = '[]', activeProfiles = '{}', propertySourceLocations = '{}', propertySourceProperties = '{org.springframework.boot.test.context.SpringBootTestContextBootstrapper=true}', contextCustomizers = set[org.springframework.boot.test.autoconfigure.properties.PropertyMappingContextCustomizer@0, org.springframework.boot.test.autoconfigure.web.servlet.WebDriverContextCustomizerFactory$Customizer@362dc6ba, org.springframework.boot.test.context.filter.ExcludeFilterContextCustomizer@4ca564b7, org.springframework.boot.test.json.DuplicateJsonObjectContextCustomizerFactory$DuplicateJsonObjectContextCustomizer@51b9b7ca, org.springframework.boot.test.mock.mockito.MockitoContextCustomizer@0, org.springframework.boot.test.web.client.TestRestTemplateContextCustomizer@27030c56], resourceBasePath = 'src/main/webapp', contextLoader = 'org.springframework.boot.test.context.SpringBootContextLoader', parent = [null]], attributes = map['org.springframework.test.context.web.ServletTestExecutionListener.activateListener' -> true]], class annotated with @DirtiesContext [false] with mode [null].
10:34:53.655 [Test worker] DEBUG org.springframework.test.annotation.ProfileValueUtils - Retrieved @ProfileValueSourceConfiguration [null] for test class [jinhyuk.domain.LockTest]
10:34:53.656 [Test worker] DEBUG org.springframework.test.annotation.ProfileValueUtils - Retrieved ProfileValueSource type [class org.springframework.test.annotation.SystemProfileValueSource] for class [jinhyuk.domain.LockTest]
10:34:53.684 [Test worker] DEBUG org.springframework.test.context.support.TestPropertySourceUtils - Adding inlined properties to environment: {spring.jmx.enabled=false, org.springframework.boot.test.context.SpringBootTestContextBootstrapper=true, server.port=-1}

  .   ____          _            __ _ _
 /\\ / ___'_ __ _ _(_)_ __  __ _ \ \ \ \
( ( )\___ | '_ | '_| | '_ \/ _` | \ \ \ \
 \\/  ___)| |_)| | | | | || (_| |  ) ) ) )
  '  |____| .__|_| |_|_| |_\__, | / / / /
 =========|_|==============|___/=/_/_/_/
 :: Spring Boot ::        (v2.1.7.RELEASE)

2020-08-24 10:35:08.950  INFO 25794 --- [    Test worker] jinhyuk.domain.LockTest                  : Starting LockTest on AL01682332.local with PID 25794 (started by user in /Users/user/Desktop/nbp/jinhyuk.park-SimpleRabbitmqService/ApiServer)
2020-08-24 10:35:08.952  INFO 25794 --- [    Test worker] jinhyuk.domain.LockTest                  : No active profile set, falling back to default profiles: default
2020-08-24 10:35:09.584  INFO 25794 --- [    Test worker] .s.d.r.c.RepositoryConfigurationDelegate : Bootstrapping Spring Data repositories in DEFAULT mode.
2020-08-24 10:35:09.663  INFO 25794 --- [    Test worker] .s.d.r.c.RepositoryConfigurationDelegate : Finished Spring Data repository scanning in 67ms. Found 3 repository interfaces.
2020-08-24 10:35:10.038  INFO 25794 --- [    Test worker] trationDelegate$BeanPostProcessorChecker : Bean 'org.springframework.transaction.annotation.ProxyTransactionManagementConfiguration' of type [org.springframework.transaction.annotation.ProxyTransactionManagementConfiguration$$EnhancerBySpringCGLIB$$9da33374] is not eligible for getting processed by all BeanPostProcessors (for example: not eligible for auto-proxying)
2020-08-24 10:35:10.246  INFO 25794 --- [    Test worker] com.zaxxer.hikari.HikariDataSource       : HikariPool-1 - Starting...
2020-08-24 10:35:10.660  INFO 25794 --- [    Test worker] com.zaxxer.hikari.HikariDataSource       : HikariPool-1 - Start completed.
2020-08-24 10:35:10.734  INFO 25794 --- [    Test worker] o.hibernate.jpa.internal.util.LogHelper  : HHH000204: Processing PersistenceUnitInfo [
	name: default
	...]
2020-08-24 10:35:10.829  INFO 25794 --- [    Test worker] org.hibernate.Version                    : HHH000412: Hibernate Core {5.3.10.Final}
2020-08-24 10:35:10.831  INFO 25794 --- [    Test worker] org.hibernate.cfg.Environment            : HHH000206: hibernate.properties not found
2020-08-24 10:35:11.025  INFO 25794 --- [    Test worker] o.hibernate.annotations.common.Version   : HCANN000001: Hibernate Commons Annotations {5.0.4.Final}
2020-08-24 10:35:11.185  INFO 25794 --- [    Test worker] org.hibernate.dialect.Dialect            : HHH000400: Using dialect: org.hibernate.dialect.MySQL5InnoDBDialect
2020-08-24 10:35:12.022  INFO 25794 --- [    Test worker] j.LocalContainerEntityManagerFactoryBean : Initialized JPA EntityManagerFactory for persistence unit 'default'
2020-08-24 10:35:12.458  INFO 25794 --- [    Test worker] o.h.h.i.QueryTranslatorFactoryInitiator  : HHH000397: Using ASTQueryTranslatorFactory
2020-08-24 10:35:13.365  INFO 25794 --- [    Test worker] o.s.s.concurrent.ThreadPoolTaskExecutor  : Initializing ExecutorService 'applicationTaskExecutor'
2020-08-24 10:35:13.424  WARN 25794 --- [    Test worker] aWebConfiguration$JpaWebMvcConfiguration : spring.jpa.open-in-view is enabled by default. Therefore, database queries may be performed during view rendering. Explicitly configure spring.jpa.open-in-view to disable this warning
2020-08-24 10:35:13.863  INFO 25794 --- [    Test worker] jinhyuk.domain.LockTest                  : Started LockTest in 20.165 seconds (JVM running for 21.241)
2020-08-24 10:35:14.066  INFO 25794 --- [    Test worker] jinhyuk.domain.LockTest                  : [jinhyuk.domain.clusters.Clusters@74baca9, jinhyuk.domain.clusters.Clusters@3fb2eb47]
]]></system-out>
  <system-err><![CDATA[]]></system-err>
</testsuite>
